CS444_project/Temp/gradleOut/launcher/build/intermediates/manifest_merge_blame_file/release/manifest-merger-blame-release-report.txt
1<?xml version="1.0" encoding="utf-8"?>
2<!-- GENERATED BY UNITY. REMOVE THIS COMMENT TO PREVENT OVERWRITING WHEN EXPORTING AGAIN -->
3<manifest xmlns:android="http://schemas.android.com/apk/res/android"
4    package="com.VRproject02.CS444_project"
5    android:installLocation="auto"
6    android:versionCode="1"
7    android:versionName="0.1" >
8
9    <uses-sdk
10        android:minSdkVersion="25"
10-->src\main\AndroidManifest.xml
11        android:targetSdkVersion="29" />
11-->src\main\AndroidManifest.xml
12
13    <supports-screens
13-->src\main\AndroidManifest.xml:4:3-163
14        android:anyDensity="true"
14-->src\main\AndroidManifest.xml:4:135-160
15        android:largeScreens="true"
15-->src\main\AndroidManifest.xml:4:78-105
16        android:normalScreens="true"
16-->src\main\AndroidManifest.xml:4:49-77
17        android:smallScreens="true"
17-->src\main\AndroidManifest.xml:4:21-48
18        android:xlargeScreens="true" />
18-->src\main\AndroidManifest.xml:4:106-134
19
20    <uses-feature android:glEsVersion="0x00030000" />
20-->[:unityLibrary] AndroidManifest.xml:14:5-54
20-->[:unityLibrary] AndroidManifest.xml:14:19-51
21
22    <uses-permission android:name="android.permission.INTERNET" />
22-->[:unityLibrary] AndroidManifest.xml:16:5-67
22-->[:unityLibrary] AndroidManifest.xml:16:22-64
23    <uses-permission android:name="android.permission.RECORD_AUDIO" />
23-->[:unityLibrary] AndroidManifest.xml:17:5-71
23-->[:unityLibrary] AndroidManifest.xml:17:22-68
24    <uses-permission android:name="android.permission.MODIFY_AUDIO_SETTINGS" />
24-->[:unityLibrary] AndroidManifest.xml:18:5-80
24-->[:unityLibrary] AndroidManifest.xml:18:22-77
25
26    <uses-feature
26-->[:unityLibrary] AndroidManifest.xml:20:5-22:36
27        android:name="android.hardware.microphone"
27-->[:unityLibrary] AndroidManifest.xml:21:9-51
28        android:required="false" />
28-->[:unityLibrary] AndroidManifest.xml:22:9-33
29    <uses-feature
29-->[:unityLibrary] AndroidManifest.xml:23:5-25:36
30        android:name="android.hardware.touchscreen"
30-->[:unityLibrary] AndroidManifest.xml:24:9-52
31        android:required="false" />
31-->[:unityLibrary] AndroidManifest.xml:25:9-33
32    <uses-feature
32-->[:unityLibrary] AndroidManifest.xml:26:5-28:36
33        android:name="android.hardware.touchscreen.multitouch"
33-->[:unityLibrary] AndroidManifest.xml:27:9-63
34        android:required="false" />
34-->[:unityLibrary] AndroidManifest.xml:28:9-33
35    <uses-feature
35-->[:unityLibrary] AndroidManifest.xml:29:5-31:36
36        android:name="android.hardware.touchscreen.multitouch.distinct"
36-->[:unityLibrary] AndroidManifest.xml:30:9-72
37        android:required="false" />
37-->[:unityLibrary] AndroidManifest.xml:31:9-33
38    <uses-feature
38-->[:unityLibrary] AndroidManifest.xml:32:5-35:31
39        android:name="android.hardware.vr.headtracking"
39-->[:unityLibrary] AndroidManifest.xml:33:9-56
40        android:required="true"
40-->[:unityLibrary] AndroidManifest.xml:34:9-32
41        android:version="1" />
41-->[:unityLibrary] AndroidManifest.xml:35:9-28
42
43    <application
43-->src\main\AndroidManifest.xml:5:3-116
44        android:allowBackup="false"
44-->[:unityLibrary] AndroidManifest.xml:38:9-36
45        android:extractNativeLibs="true"
45-->src\main\AndroidManifest.xml:5:16-48
46        android:icon="@mipmap/app_icon"
46-->src\main\AndroidManifest.xml:5:82-113
47        android:label="@string/app_name"
47-->src\main\AndroidManifest.xml:5:49-81
48        android:networkSecurityConfig="@xml/network_sec_config" >
48-->[:unityLibrary] AndroidManifest.xml:41:9-64
49        <activity
49-->[:unityLibrary] AndroidManifest.xml:42:9-66:20
50            android:name="com.unity3d.player.UnityPlayerActivity"
50-->[:unityLibrary] AndroidManifest.xml:43:13-66
51            android:configChanges="keyboard|keyboardHidden|navigation|orientation|screenLayout|screenSize|uiMode|density"
51-->[:unityLibrary] AndroidManifest.xml:44:13-122
52            android:hardwareAccelerated="false"
52-->[:unityLibrary] AndroidManifest.xml:45:13-48
53            android:launchMode="singleTask"
53-->[:unityLibrary] AndroidManifest.xml:46:13-44
54            android:resizeableActivity="false"
54-->[:unityLibrary] AndroidManifest.xml:47:13-47
55            android:screenOrientation="landscape"
55-->[:unityLibrary] AndroidManifest.xml:48:13-50
56            android:theme="@android:style/Theme.Black.NoTitleBar.Fullscreen" >
56-->[:unityLibrary] AndroidManifest.xml:49:13-77
57            <intent-filter>
57-->[:unityLibrary] AndroidManifest.xml:50:13-55:29
58                <action android:name="android.intent.action.MAIN" />
58-->[:unityLibrary] AndroidManifest.xml:51:17-69
58-->[:unityLibrary] AndroidManifest.xml:51:25-66
59
60                <category android:name="com.oculus.intent.category.VR" />
60-->[:unityLibrary] AndroidManifest.xml:53:17-74
60-->[:unityLibrary] AndroidManifest.xml:53:27-71
61                <category android:name="android.intent.category.INFO" />
61-->[:unityLibrary] AndroidManifest.xml:54:17-73
61-->[:unityLibrary] AndroidManifest.xml:54:27-70
62            </intent-filter>
63
64            <meta-data
64-->[:unityLibrary] AndroidManifest.xml:57:13-59:40
65                android:name="unityplayer.UnityActivity"
65-->[:unityLibrary] AndroidManifest.xml:58:17-57
66                android:value="true" />
66-->[:unityLibrary] AndroidManifest.xml:59:17-37
67            <meta-data
67-->[:unityLibrary] AndroidManifest.xml:60:13-62:40
68                android:name="android.notch_support"
68-->[:unityLibrary] AndroidManifest.xml:61:17-53
69                android:value="true" />
69-->[:unityLibrary] AndroidManifest.xml:62:17-37
70            <meta-data
70-->[:unityLibrary] AndroidManifest.xml:63:13-65:40
71                android:name="com.oculus.vr.focusaware"
71-->[:unityLibrary] AndroidManifest.xml:64:17-56
72                android:value="true" />
72-->[:unityLibrary] AndroidManifest.xml:65:17-37
73        </activity>
74
75        <meta-data
75-->[:unityLibrary] AndroidManifest.xml:68:9-70:33
76            android:name="unity.splash-mode"
76-->[:unityLibrary] AndroidManifest.xml:69:13-45
77            android:value="0" />
77-->[:unityLibrary] AndroidManifest.xml:70:13-30
78        <meta-data
78-->[:unityLibrary] AndroidManifest.xml:71:9-73:36
79            android:name="unity.splash-enable"
79-->[:unityLibrary] AndroidManifest.xml:72:13-47
80            android:value="True" />
80-->[:unityLibrary] AndroidManifest.xml:73:13-33
81        <meta-data
81-->[:unityLibrary] AndroidManifest.xml:74:9-76:50
82            android:name="notch.config"
82-->[:unityLibrary] AndroidManifest.xml:75:13-40
83            android:value="portrait|landscape" />
83-->[:unityLibrary] AndroidManifest.xml:76:13-47
84        <meta-data
84-->[:unityLibrary] AndroidManifest.xml:77:9-79:68
85            android:name="unity.build-id"
85-->[:unityLibrary] AndroidManifest.xml:78:13-42
86            android:value="49281a79-3468-4638-ac77-3540ccf469b8" />
86-->[:unityLibrary] AndroidManifest.xml:79:13-65
87        <meta-data
87-->[:unityLibrary] AndroidManifest.xml:80:9-82:39
88            android:name="com.samsung.android.vr.application.mode"
88-->[:unityLibrary] AndroidManifest.xml:81:13-67
89            android:value="vr_only" />
89-->[:unityLibrary] AndroidManifest.xml:82:13-36
90        <meta-data
90-->[:unityLibrary] AndroidManifest.xml:83:9-85:37
91            android:name="com.unity.xr.oculus.LowOverheadMode"
91-->[:unityLibrary] AndroidManifest.xml:84:13-63
92            android:value="false" />
92-->[:unityLibrary] AndroidManifest.xml:85:13-34
93        <meta-data
93-->[:unityLibrary] AndroidManifest.xml:86:9-88:44
94            android:name="com.oculus.supportedDevices"
94-->[:unityLibrary] AndroidManifest.xml:87:13-55
95            android:value="quest|quest2" />
95-->[:unityLibrary] AndroidManifest.xml:88:13-41
96    </application>
97
98</manifest>